<?xml version="1.0" encoding="UTF-8"?>
<!-- Generated by org.testng.reporters.JUnitReportReporter -->
<testsuite hostname="DESKTOP-P2PQOR4" failures="0" tests="1" name="rahulshettyacademy.tests.ErrorValidationsTest" time="8.719" errors="0" timestamp="2024-07-23T19:22:28 IST" skipped="0">
  <testcase classname="rahulshettyacademy.tests.ErrorValidationsTest" name="ProductErrorValidation" time="8.719"/>
</testsuite> <!-- rahulshettyacademy.tests.ErrorValidationsTest -->
